{"C:\\Users\\Natalia\\Documents\\react_2021Q3\\src\\__test__\\fileMock.js": {"path":"C:\\Users\\Natalia\\Documents\\react_2021Q3\\src\\__test__\\fileMock.js","statementMap":{"0":{"start":{"line":1,"column":0},"end":{"line":1,"column":34}}},"fnMap":{},"branchMap":{},"s":{"0":4},"f":{},"b":{},"inputSourceMap":null,"_coverageSchema":"1a1c01bbd47fc00a2c39e90264f33305004495a9","hash":"b2b0b9d0698450373351a43564ce109f7fcf15ba"}
,"C:\\Users\\Natalia\\Documents\\react_2021Q3\\src\\__test__\\styleMock.js": {"path":"C:\\Users\\Natalia\\Documents\\react_2021Q3\\src\\__test__\\styleMock.js","statementMap":{"0":{"start":{"line":1,"column":0},"end":{"line":1,"column":20}}},"fnMap":{},"branchMap":{},"s":{"0":5},"f":{},"b":{},"inputSourceMap":null,"_coverageSchema":"1a1c01bbd47fc00a2c39e90264f33305004495a9","hash":"58812be27af3d8cc57eb1cd1c8fd3a379a95164b"}
,"C:\\Users\\Natalia\\Documents\\react_2021Q3\\src\\__test__\\testHelpers.tsx": {"path":"C:\\Users\\Natalia\\Documents\\react_2021Q3\\src\\__test__\\testHelpers.tsx","statementMap":{"0":{"start":{"line":1,"column":0},"end":{"line":1,"column":26}},"1":{"start":{"line":2,"column":0},"end":{"line":2,"column":61}},"2":{"start":{"line":3,"column":0},"end":{"line":3,"column":62}},"3":{"start":{"line":4,"column":0},"end":{"line":4,"column":42}},"4":{"start":{"line":6,"column":22},"end":{"line":6,"column":28}},"5":{"start":{"line":25,"column":0},"end":{"line":34,"column":2}},"6":{"start":{"line":26,"column":18},"end":{"line":26,"column":39}},"7":{"start":{"line":27,"column":2},"end":{"line":29,"column":null}},"8":{"start":{"line":28,"column":4},"end":{"line":28,"column":24}},"9":{"start":{"line":30,"column":2},"end":{"line":33,"column":4}}},"fnMap":{"0":{"name":"(anonymous_1)","decl":{"start":{"line":25,"column":29},"end":{"line":25,"column":30}},"loc":{"start":{"line":25,"column":56},"end":{"line":34,"column":1}}}},"branchMap":{"0":{"loc":{"start":{"line":27,"column":2},"end":{"line":29,"column":null}},"type":"if","locations":[{"start":{"line":27,"column":2},"end":{"line":29,"column":null}},{"start":{"line":27,"column":2},"end":{"line":29,"column":null}}]}},"s":{"0":5,"1":5,"2":5,"3":5,"4":5,"5":5,"6":7,"7":7,"8":2,"9":7},"f":{"0":7},"b":{"0":[2,5]}}
,"C:\\Users\\Natalia\\Documents\\react_2021Q3\\src\\components\\upperElement.tsx": {"path":"C:\\Users\\Natalia\\Documents\\react_2021Q3\\src\\components\\upperElement.tsx","statementMap":{"0":{"start":{"line":1,"column":0},"end":{"line":1,"column":26}},"1":{"start":{"line":2,"column":0},"end":{"line":2,"column":49}},"2":{"start":{"line":3,"column":0},"end":{"line":3,"column":37}},"3":{"start":{"line":4,"column":0},"end":{"line":4,"column":42}},"4":{"start":{"line":5,"column":0},"end":{"line":5,"column":44}},"5":{"start":{"line":6,"column":0},"end":{"line":6,"column":41}},"6":{"start":{"line":7,"column":0},"end":{"line":7,"column":38}},"7":{"start":{"line":12,"column":21},"end":{"line":35,"column":null}},"8":{"start":{"line":16,"column":2},"end":{"line":33,"column":null}},"9":{"start":{"line":37,"column":0},"end":{"line":37,"column":28}}},"fnMap":{"0":{"name":"(anonymous_1)","decl":{"start":{"line":12,"column":21},"end":{"line":12,"column":37}},"loc":{"start":{"line":16,"column":2},"end":{"line":33,"column":null}}}},"branchMap":{},"s":{"0":2,"1":2,"2":2,"3":2,"4":2,"5":2,"6":2,"7":2,"8":4,"9":2},"f":{"0":4},"b":{}}
,"C:\\Users\\Natalia\\Documents\\react_2021Q3\\src\\components\\article\\article.tsx": {"path":"C:\\Users\\Natalia\\Documents\\react_2021Q3\\src\\components\\article\\article.tsx","statementMap":{"0":{"start":{"line":1,"column":0},"end":{"line":1,"column":51}},"1":{"start":{"line":2,"column":0},"end":{"line":2,"column":40}},"2":{"start":{"line":4,"column":0},"end":{"line":4,"column":23}},"3":{"start":{"line":5,"column":0},"end":{"line":5,"column":48}},"4":{"start":{"line":7,"column":20},"end":{"line":16,"column":1}},"5":{"start":{"line":8,"column":12},"end":{"line":8,"column":39}},"6":{"start":{"line":9,"column":2},"end":{"line":9,"column":15}},"7":{"start":{"line":10,"column":2},"end":{"line":10,"column":22}},"8":{"start":{"line":11,"column":2},"end":{"line":11,"column":23}},"9":{"start":{"line":12,"column":2},"end":{"line":12,"column":null}},"10":{"start":{"line":13,"column":2},"end":{"line":13,"column":31}},"11":{"start":{"line":14,"column":2},"end":{"line":14,"column":12}},"12":{"start":{"line":15,"column":2},"end":{"line":15,"column":13}},"13":{"start":{"line":18,"column":16},"end":{"line":81,"column":1}},"14":{"start":{"line":19,"column":29},"end":{"line":19,"column":34}},"15":{"start":{"line":29,"column":6},"end":{"line":29,"column":10}},"16":{"start":{"line":30,"column":32},"end":{"line":30,"column":47}},"17":{"start":{"line":32,"column":2},"end":{"line":36,"column":9}},"18":{"start":{"line":33,"column":4},"end":{"line":35,"column":null}},"19":{"start":{"line":34,"column":6},"end":{"line":34,"column":22}},"20":{"start":{"line":39,"column":4},"end":{"line":43,"column":null}},"21":{"start":{"line":42,"column":21},"end":{"line":42,"column":36}},"22":{"start":{"line":46,"column":23},"end":{"line":46,"column":77}},"23":{"start":{"line":47,"column":22},"end":{"line":55,"column":40}},"24":{"start":{"line":57,"column":2},"end":{"line":80,"column":4}},"25":{"start":{"line":70,"column":29},"end":{"line":70,"column":45}},"26":{"start":{"line":82,"column":0},"end":{"line":82,"column":23}}},"fnMap":{"0":{"name":"(anonymous_7)","decl":{"start":{"line":7,"column":20},"end":{"line":7,"column":21}},"loc":{"start":{"line":7,"column":36},"end":{"line":16,"column":1}}},"1":{"name":"(anonymous_8)","decl":{"start":{"line":18,"column":16},"end":{"line":18,"column":17}},"loc":{"start":{"line":18,"column":49},"end":{"line":81,"column":1}}},"2":{"name":"(anonymous_9)","decl":{"start":{"line":32,"column":12},"end":{"line":32,"column":15}},"loc":{"start":{"line":32,"column":17},"end":{"line":36,"column":3}}},"3":{"name":"(anonymous_10)","decl":{"start":{"line":42,"column":15},"end":{"line":42,"column":18}},"loc":{"start":{"line":42,"column":21},"end":{"line":42,"column":36}}},"4":{"name":"(anonymous_11)","decl":{"start":{"line":70,"column":23},"end":{"line":70,"column":26}},"loc":{"start":{"line":70,"column":29},"end":{"line":70,"column":45}}}},"branchMap":{"0":{"loc":{"start":{"line":33,"column":4},"end":{"line":35,"column":null}},"type":"if","locations":[{"start":{"line":33,"column":4},"end":{"line":35,"column":null}},{"start":{"line":33,"column":4},"end":{"line":35,"column":null}}]},"1":{"loc":{"start":{"line":62,"column":9},"end":{"line":62,"column":18}},"type":"binary-expr","locations":[{"start":{"line":62,"column":9},"end":{"line":62,"column":18}},{"start":{"line":62,"column":22},"end":{"line":62,"column":27}}]},"2":{"loc":{"start":{"line":63,"column":9},"end":{"line":63,"column":17}},"type":"binary-expr","locations":[{"start":{"line":63,"column":9},"end":{"line":63,"column":17}},{"start":{"line":63,"column":21},"end":{"line":63,"column":33}}]},"3":{"loc":{"start":{"line":67,"column":11},"end":{"line":67,"column":19}},"type":"binary-expr","locations":[{"start":{"line":67,"column":11},"end":{"line":67,"column":19}},{"start":{"line":68,"column":12},"end":{"line":72,"column":null}}]}},"s":{"0":4,"1":4,"2":4,"3":4,"4":4,"5":1,"6":1,"7":1,"8":1,"9":1,"10":1,"11":1,"12":1,"13":4,"14":2,"15":2,"16":2,"17":2,"18":2,"19":0,"20":2,"21":0,"22":2,"23":2,"24":2,"25":1,"26":4},"f":{"0":1,"1":2,"2":2,"3":0,"4":1},"b":{"0":[0,2],"1":[2,2],"2":[2,0],"3":[2,2]}}
,"C:\\Users\\Natalia\\Documents\\react_2021Q3\\src\\components\\header\\header.tsx": {"path":"C:\\Users\\Natalia\\Documents\\react_2021Q3\\src\\components\\header\\header.tsx","statementMap":{"0":{"start":{"line":1,"column":0},"end":{"line":1,"column":26}},"1":{"start":{"line":2,"column":0},"end":{"line":2,"column":43}},"2":{"start":{"line":3,"column":0},"end":{"line":3,"column":22}},"3":{"start":{"line":5,"column":15},"end":{"line":13,"column":null}},"4":{"start":{"line":6,"column":2},"end":{"line":12,"column":null}},"5":{"start":{"line":16,"column":0},"end":{"line":16,"column":22}}},"fnMap":{"0":{"name":"(anonymous_1)","decl":{"start":{"line":5,"column":15},"end":{"line":5,"column":31}},"loc":{"start":{"line":6,"column":2},"end":{"line":12,"column":null}}}},"branchMap":{},"s":{"0":3,"1":3,"2":3,"3":3,"4":7,"5":3},"f":{"0":7},"b":{}}
,"C:\\Users\\Natalia\\Documents\\react_2021Q3\\src\\components\\pages\\aboutPage.tsx": {"path":"C:\\Users\\Natalia\\Documents\\react_2021Q3\\src\\components\\pages\\aboutPage.tsx","statementMap":{"0":{"start":{"line":1,"column":0},"end":{"line":1,"column":49}},"1":{"start":{"line":2,"column":0},"end":{"line":2,"column":25}},"2":{"start":{"line":4,"column":18},"end":{"line":18,"column":1}},"3":{"start":{"line":5,"column":19},"end":{"line":5,"column":31}},"4":{"start":{"line":7,"column":2},"end":{"line":11,"column":9}},"5":{"start":{"line":8,"column":4},"end":{"line":10,"column":12}},"6":{"start":{"line":9,"column":6},"end":{"line":9,"column":52}},"7":{"start":{"line":13,"column":2},"end":{"line":17,"column":4}},"8":{"start":{"line":20,"column":0},"end":{"line":20,"column":25}}},"fnMap":{"0":{"name":"(anonymous_6)","decl":{"start":{"line":4,"column":18},"end":{"line":4,"column":34}},"loc":{"start":{"line":4,"column":36},"end":{"line":18,"column":1}}},"1":{"name":"(anonymous_7)","decl":{"start":{"line":7,"column":12},"end":{"line":7,"column":15}},"loc":{"start":{"line":7,"column":17},"end":{"line":11,"column":3}}},"2":{"name":"(anonymous_8)","decl":{"start":{"line":8,"column":15},"end":{"line":8,"column":18}},"loc":{"start":{"line":8,"column":20},"end":{"line":10,"column":5}}}},"branchMap":{},"s":{"0":1,"1":1,"2":1,"3":0,"4":0,"5":0,"6":0,"7":0,"8":1},"f":{"0":0,"1":0,"2":0},"b":{}}
,"C:\\Users\\Natalia\\Documents\\react_2021Q3\\src\\components\\pages\\detailPage.tsx": {"path":"C:\\Users\\Natalia\\Documents\\react_2021Q3\\src\\components\\pages\\detailPage.tsx","statementMap":{"0":{"start":{"line":1,"column":0},"end":{"line":1,"column":49}},"1":{"start":{"line":2,"column":0},"end":{"line":2,"column":45}},"2":{"start":{"line":4,"column":0},"end":{"line":4,"column":41}},"3":{"start":{"line":5,"column":0},"end":{"line":5,"column":26}},"4":{"start":{"line":19,"column":19},"end":{"line":69,"column":1}},"5":{"start":{"line":30,"column":6},"end":{"line":30,"column":36}},"6":{"start":{"line":32,"column":26},"end":{"line":44,"column":4}},"7":{"start":{"line":46,"column":21},"end":{"line":46,"column":33}},"8":{"start":{"line":48,"column":18},"end":{"line":53,"column":null}},"9":{"start":{"line":56,"column":2},"end":{"line":62,"column":9}},"10":{"start":{"line":57,"column":4},"end":{"line":61,"column":12}},"11":{"start":{"line":58,"column":6},"end":{"line":60,"column":null}},"12":{"start":{"line":59,"column":8},"end":{"line":59,"column":57}},"13":{"start":{"line":64,"column":2},"end":{"line":68,"column":4}},"14":{"start":{"line":71,"column":0},"end":{"line":71,"column":26}}},"fnMap":{"0":{"name":"(anonymous_7)","decl":{"start":{"line":19,"column":19},"end":{"line":19,"column":35}},"loc":{"start":{"line":19,"column":37},"end":{"line":69,"column":1}}},"1":{"name":"(anonymous_8)","decl":{"start":{"line":56,"column":12},"end":{"line":56,"column":15}},"loc":{"start":{"line":56,"column":17},"end":{"line":62,"column":3}}},"2":{"name":"(anonymous_9)","decl":{"start":{"line":57,"column":15},"end":{"line":57,"column":18}},"loc":{"start":{"line":57,"column":20},"end":{"line":61,"column":5}}}},"branchMap":{"0":{"loc":{"start":{"line":49,"column":4},"end":{"line":50,"column":null}},"type":"cond-expr","locations":[{"start":{"line":49,"column":4},"end":{"line":50,"column":null}},{"start":{"line":53,"column":4},"end":{"line":53,"column":40}}]},"1":{"loc":{"start":{"line":58,"column":6},"end":{"line":60,"column":null}},"type":"if","locations":[{"start":{"line":58,"column":6},"end":{"line":60,"column":null}},{"start":{"line":58,"column":6},"end":{"line":60,"column":null}}]}},"s":{"0":3,"1":3,"2":3,"3":3,"4":3,"5":1,"6":1,"7":1,"8":1,"9":1,"10":1,"11":0,"12":0,"13":1,"14":3},"f":{"0":1,"1":1,"2":0},"b":{"0":[0,1],"1":[0,0]}}
,"C:\\Users\\Natalia\\Documents\\react_2021Q3\\src\\components\\pages\\page404.tsx": {"path":"C:\\Users\\Natalia\\Documents\\react_2021Q3\\src\\components\\pages\\page404.tsx","statementMap":{"0":{"start":{"line":1,"column":0},"end":{"line":1,"column":26}},"1":{"start":{"line":2,"column":0},"end":{"line":2,"column":40}},"2":{"start":{"line":3,"column":0},"end":{"line":3,"column":23}},"3":{"start":{"line":5,"column":16},"end":{"line":11,"column":null}},"4":{"start":{"line":6,"column":2},"end":{"line":10,"column":null}},"5":{"start":{"line":14,"column":0},"end":{"line":14,"column":23}}},"fnMap":{"0":{"name":"(anonymous_1)","decl":{"start":{"line":5,"column":16},"end":{"line":5,"column":32}},"loc":{"start":{"line":6,"column":2},"end":{"line":10,"column":null}}}},"branchMap":{},"s":{"0":2,"1":2,"2":2,"3":2,"4":0,"5":2},"f":{"0":0},"b":{}}
,"C:\\Users\\Natalia\\Documents\\react_2021Q3\\src\\components\\store\\appState.ts": {"path":"C:\\Users\\Natalia\\Documents\\react_2021Q3\\src\\components\\store\\appState.ts","statementMap":{"0":{"start":{"line":1,"column":0},"end":{"line":1,"column":40}},"1":{"start":{"line":2,"column":0},"end":{"line":2,"column":56}},"2":{"start":{"line":3,"column":0},"end":{"line":3,"column":52}},"3":{"start":{"line":4,"column":0},"end":{"line":4,"column":56}},"4":{"start":{"line":6,"column":13},"end":{"line":10,"column":3}}},"fnMap":{},"branchMap":{},"s":{"0":1,"1":1,"2":1,"3":1,"4":1},"f":{},"b":{}}
,"C:\\Users\\Natalia\\Documents\\react_2021Q3\\src\\components\\store\\configureStore.ts": {"path":"C:\\Users\\Natalia\\Documents\\react_2021Q3\\src\\components\\store\\configureStore.ts","statementMap":{"0":{"start":{"line":1,"column":0},"end":{"line":1,"column":50}},"1":{"start":{"line":3,"column":0},"end":{"line":3,"column":41}},"2":{"start":{"line":5,"column":14},"end":{"line":8,"column":4}},"3":{"start":{"line":6,"column":2},"end":{"line":8,"column":4}},"4":{"start":{"line":13,"column":0},"end":{"line":13,"column":21}}},"fnMap":{"0":{"name":"(anonymous_0)","decl":{"start":{"line":5,"column":14},"end":{"line":5,"column":24}},"loc":{"start":{"line":6,"column":2},"end":{"line":8,"column":4}}}},"branchMap":{},"s":{"0":1,"1":1,"2":1,"3":1,"4":1},"f":{"0":1},"b":{}}
,"C:\\Users\\Natalia\\Documents\\react_2021Q3\\src\\components\\store\\store-utils.ts": {"path":"C:\\Users\\Natalia\\Documents\\react_2021Q3\\src\\components\\store\\store-utils.ts","statementMap":{"0":{"start":{"line":40,"column":13},"end":{"line":45,"column":2}},"1":{"start":{"line":47,"column":13},"end":{"line":55,"column":2}},"2":{"start":{"line":60,"column":13},"end":{"line":62,"column":2}},"3":{"start":{"line":67,"column":13},"end":{"line":69,"column":2}}},"fnMap":{},"branchMap":{},"s":{"0":1,"1":1,"2":1,"3":1},"f":{},"b":{}}
,"C:\\Users\\Natalia\\Documents\\react_2021Q3\\src\\components\\store\\slices\\apiData-slice.ts": {"path":"C:\\Users\\Natalia\\Documents\\react_2021Q3\\src\\components\\store\\slices\\apiData-slice.ts","statementMap":{"0":{"start":{"line":1,"column":0},"end":{"line":1,"column":62}},"1":{"start":{"line":2,"column":0},"end":{"line":2,"column":68}},"2":{"start":{"line":5,"column":21},"end":{"line":17,"column":2}},"3":{"start":{"line":10,"column":6},"end":{"line":10,"column":47}},"4":{"start":{"line":11,"column":6},"end":{"line":11,"column":41}},"5":{"start":{"line":14,"column":6},"end":{"line":14,"column":74}},"6":{"start":{"line":19,"column":13},"end":{"line":19,"column":51}},"7":{"start":{"line":20,"column":13},"end":{"line":20,"column":51}}},"fnMap":{"0":{"name":"(anonymous_0)","decl":{"start":{"line":9,"column":4},"end":{"line":9,"column":14}},"loc":{"start":{"line":9,"column":61},"end":{"line":12,"column":5}}},"1":{"name":"(anonymous_1)","decl":{"start":{"line":13,"column":4},"end":{"line":13,"column":14}},"loc":{"start":{"line":13,"column":51},"end":{"line":15,"column":5}}}},"branchMap":{},"s":{"0":1,"1":1,"2":1,"3":0,"4":0,"5":0,"6":1,"7":1},"f":{"0":0,"1":0},"b":{}}
,"C:\\Users\\Natalia\\Documents\\react_2021Q3\\src\\components\\store\\slices\\error-slice.ts": {"path":"C:\\Users\\Natalia\\Documents\\react_2021Q3\\src\\components\\store\\slices\\error-slice.ts","statementMap":{"0":{"start":{"line":1,"column":0},"end":{"line":1,"column":62}},"1":{"start":{"line":2,"column":0},"end":{"line":2,"column":55}},"2":{"start":{"line":5,"column":19},"end":{"line":13,"column":2}},"3":{"start":{"line":10,"column":6},"end":{"line":10,"column":37}},"4":{"start":{"line":15,"column":13},"end":{"line":15,"column":47}},"5":{"start":{"line":16,"column":13},"end":{"line":16,"column":47}}},"fnMap":{"0":{"name":"(anonymous_0)","decl":{"start":{"line":9,"column":4},"end":{"line":9,"column":11}},"loc":{"start":{"line":9,"column":49},"end":{"line":11,"column":5}}}},"branchMap":{},"s":{"0":1,"1":1,"2":1,"3":0,"4":1,"5":1},"f":{"0":0},"b":{}}
,"C:\\Users\\Natalia\\Documents\\react_2021Q3\\src\\components\\store\\slices\\loading-slice.ts": {"path":"C:\\Users\\Natalia\\Documents\\react_2021Q3\\src\\components\\store\\slices\\loading-slice.ts","statementMap":{"0":{"start":{"line":1,"column":0},"end":{"line":1,"column":62}},"1":{"start":{"line":2,"column":0},"end":{"line":2,"column":57}},"2":{"start":{"line":5,"column":21},"end":{"line":13,"column":2}},"3":{"start":{"line":10,"column":6},"end":{"line":10,"column":39}},"4":{"start":{"line":15,"column":13},"end":{"line":15,"column":51}},"5":{"start":{"line":16,"column":13},"end":{"line":16,"column":51}}},"fnMap":{"0":{"name":"(anonymous_0)","decl":{"start":{"line":9,"column":4},"end":{"line":9,"column":13}},"loc":{"start":{"line":9,"column":51},"end":{"line":11,"column":5}}}},"branchMap":{},"s":{"0":1,"1":1,"2":1,"3":0,"4":1,"5":1},"f":{"0":0},"b":{}}
}
