{"C:\\Users\\Natalia\\Documents\\react_2021Q3\\src\\__test__\\fileMock.js": {"path":"C:\\Users\\Natalia\\Documents\\react_2021Q3\\src\\__test__\\fileMock.js","statementMap":{"0":{"start":{"line":1,"column":0},"end":{"line":1,"column":34}}},"fnMap":{},"branchMap":{},"s":{"0":5},"f":{},"b":{},"inputSourceMap":null,"_coverageSchema":"1a1c01bbd47fc00a2c39e90264f33305004495a9","hash":"b2b0b9d0698450373351a43564ce109f7fcf15ba"}
,"C:\\Users\\Natalia\\Documents\\react_2021Q3\\src\\__test__\\styleMock.js": {"path":"C:\\Users\\Natalia\\Documents\\react_2021Q3\\src\\__test__\\styleMock.js","statementMap":{"0":{"start":{"line":1,"column":0},"end":{"line":1,"column":20}}},"fnMap":{},"branchMap":{},"s":{"0":8},"f":{},"b":{},"inputSourceMap":null,"_coverageSchema":"1a1c01bbd47fc00a2c39e90264f33305004495a9","hash":"58812be27af3d8cc57eb1cd1c8fd3a379a95164b"}
,"C:\\Users\\Natalia\\Documents\\react_2021Q3\\src\\__test__\\testHelpers.tsx": {"path":"C:\\Users\\Natalia\\Documents\\react_2021Q3\\src\\__test__\\testHelpers.tsx","statementMap":{"0":{"start":{"line":1,"column":0},"end":{"line":1,"column":26}},"1":{"start":{"line":2,"column":0},"end":{"line":2,"column":61}},"2":{"start":{"line":3,"column":0},"end":{"line":3,"column":62}},"3":{"start":{"line":4,"column":0},"end":{"line":4,"column":42}},"4":{"start":{"line":6,"column":22},"end":{"line":6,"column":28}},"5":{"start":{"line":25,"column":0},"end":{"line":34,"column":2}},"6":{"start":{"line":26,"column":18},"end":{"line":26,"column":39}},"7":{"start":{"line":27,"column":2},"end":{"line":29,"column":null}},"8":{"start":{"line":28,"column":4},"end":{"line":28,"column":24}},"9":{"start":{"line":30,"column":2},"end":{"line":33,"column":4}}},"fnMap":{"0":{"name":"(anonymous_1)","decl":{"start":{"line":25,"column":29},"end":{"line":25,"column":30}},"loc":{"start":{"line":25,"column":56},"end":{"line":34,"column":1}}}},"branchMap":{"0":{"loc":{"start":{"line":27,"column":2},"end":{"line":29,"column":null}},"type":"if","locations":[{"start":{"line":27,"column":2},"end":{"line":29,"column":null}},{"start":{"line":27,"column":2},"end":{"line":29,"column":null}}]}},"s":{"0":15,"1":15,"2":15,"3":15,"4":15,"5":15,"6":12,"7":12,"8":3,"9":12},"f":{"0":12},"b":{"0":[3,9]}}
,"C:\\Users\\Natalia\\Documents\\react_2021Q3\\src\\components\\upperElement.tsx": {"path":"C:\\Users\\Natalia\\Documents\\react_2021Q3\\src\\components\\upperElement.tsx","statementMap":{"0":{"start":{"line":1,"column":0},"end":{"line":1,"column":26}},"1":{"start":{"line":2,"column":0},"end":{"line":2,"column":49}},"2":{"start":{"line":3,"column":0},"end":{"line":3,"column":37}},"3":{"start":{"line":4,"column":0},"end":{"line":4,"column":42}},"4":{"start":{"line":5,"column":0},"end":{"line":5,"column":44}},"5":{"start":{"line":6,"column":0},"end":{"line":6,"column":41}},"6":{"start":{"line":7,"column":0},"end":{"line":7,"column":38}},"7":{"start":{"line":12,"column":21},"end":{"line":35,"column":null}},"8":{"start":{"line":16,"column":2},"end":{"line":33,"column":null}},"9":{"start":{"line":37,"column":0},"end":{"line":37,"column":28}}},"fnMap":{"0":{"name":"(anonymous_1)","decl":{"start":{"line":12,"column":21},"end":{"line":12,"column":37}},"loc":{"start":{"line":16,"column":2},"end":{"line":33,"column":null}}}},"branchMap":{},"s":{"0":2,"1":2,"2":2,"3":2,"4":2,"5":2,"6":2,"7":2,"8":5,"9":2},"f":{"0":5},"b":{}}
,"C:\\Users\\Natalia\\Documents\\react_2021Q3\\src\\components\\article\\article.tsx": {"path":"C:\\Users\\Natalia\\Documents\\react_2021Q3\\src\\components\\article\\article.tsx","statementMap":{"0":{"start":{"line":1,"column":0},"end":{"line":1,"column":51}},"1":{"start":{"line":2,"column":0},"end":{"line":2,"column":40}},"2":{"start":{"line":4,"column":0},"end":{"line":4,"column":23}},"3":{"start":{"line":5,"column":0},"end":{"line":5,"column":48}},"4":{"start":{"line":7,"column":20},"end":{"line":16,"column":1}},"5":{"start":{"line":8,"column":12},"end":{"line":8,"column":39}},"6":{"start":{"line":9,"column":2},"end":{"line":9,"column":15}},"7":{"start":{"line":10,"column":2},"end":{"line":10,"column":22}},"8":{"start":{"line":11,"column":2},"end":{"line":11,"column":23}},"9":{"start":{"line":12,"column":2},"end":{"line":12,"column":null}},"10":{"start":{"line":13,"column":2},"end":{"line":13,"column":31}},"11":{"start":{"line":14,"column":2},"end":{"line":14,"column":12}},"12":{"start":{"line":15,"column":2},"end":{"line":15,"column":13}},"13":{"start":{"line":18,"column":16},"end":{"line":81,"column":1}},"14":{"start":{"line":19,"column":29},"end":{"line":19,"column":34}},"15":{"start":{"line":29,"column":6},"end":{"line":29,"column":10}},"16":{"start":{"line":30,"column":32},"end":{"line":30,"column":47}},"17":{"start":{"line":32,"column":2},"end":{"line":36,"column":9}},"18":{"start":{"line":33,"column":4},"end":{"line":35,"column":null}},"19":{"start":{"line":34,"column":6},"end":{"line":34,"column":22}},"20":{"start":{"line":39,"column":4},"end":{"line":43,"column":null}},"21":{"start":{"line":42,"column":21},"end":{"line":42,"column":36}},"22":{"start":{"line":46,"column":23},"end":{"line":46,"column":106}},"23":{"start":{"line":47,"column":22},"end":{"line":55,"column":40}},"24":{"start":{"line":57,"column":2},"end":{"line":80,"column":4}},"25":{"start":{"line":70,"column":29},"end":{"line":70,"column":45}},"26":{"start":{"line":82,"column":0},"end":{"line":82,"column":23}}},"fnMap":{"0":{"name":"(anonymous_7)","decl":{"start":{"line":7,"column":20},"end":{"line":7,"column":21}},"loc":{"start":{"line":7,"column":36},"end":{"line":16,"column":1}}},"1":{"name":"(anonymous_8)","decl":{"start":{"line":18,"column":16},"end":{"line":18,"column":17}},"loc":{"start":{"line":18,"column":49},"end":{"line":81,"column":1}}},"2":{"name":"(anonymous_9)","decl":{"start":{"line":32,"column":12},"end":{"line":32,"column":15}},"loc":{"start":{"line":32,"column":17},"end":{"line":36,"column":3}}},"3":{"name":"(anonymous_10)","decl":{"start":{"line":42,"column":15},"end":{"line":42,"column":18}},"loc":{"start":{"line":42,"column":21},"end":{"line":42,"column":36}}},"4":{"name":"(anonymous_11)","decl":{"start":{"line":70,"column":23},"end":{"line":70,"column":26}},"loc":{"start":{"line":70,"column":29},"end":{"line":70,"column":45}}}},"branchMap":{"0":{"loc":{"start":{"line":33,"column":4},"end":{"line":35,"column":null}},"type":"if","locations":[{"start":{"line":33,"column":4},"end":{"line":35,"column":null}},{"start":{"line":33,"column":4},"end":{"line":35,"column":null}}]},"1":{"loc":{"start":{"line":62,"column":9},"end":{"line":62,"column":18}},"type":"binary-expr","locations":[{"start":{"line":62,"column":9},"end":{"line":62,"column":18}},{"start":{"line":62,"column":22},"end":{"line":62,"column":27}}]},"2":{"loc":{"start":{"line":63,"column":9},"end":{"line":63,"column":17}},"type":"binary-expr","locations":[{"start":{"line":63,"column":9},"end":{"line":63,"column":17}},{"start":{"line":63,"column":21},"end":{"line":63,"column":33}}]},"3":{"loc":{"start":{"line":67,"column":11},"end":{"line":67,"column":19}},"type":"binary-expr","locations":[{"start":{"line":67,"column":11},"end":{"line":67,"column":19}},{"start":{"line":68,"column":12},"end":{"line":72,"column":null}}]}},"s":{"0":4,"1":4,"2":4,"3":4,"4":4,"5":1,"6":1,"7":1,"8":1,"9":1,"10":1,"11":1,"12":1,"13":4,"14":7,"15":7,"16":7,"17":7,"18":4,"19":1,"20":7,"21":0,"22":7,"23":7,"24":7,"25":1,"26":4},"f":{"0":1,"1":7,"2":4,"3":0,"4":1},"b":{"0":[1,3],"1":[7,6],"2":[7,1],"3":[7,7]}}
,"C:\\Users\\Natalia\\Documents\\react_2021Q3\\src\\components\\button\\button.tsx": {"path":"C:\\Users\\Natalia\\Documents\\react_2021Q3\\src\\components\\button\\button.tsx","statementMap":{"0":{"start":{"line":1,"column":0},"end":{"line":1,"column":26}},"1":{"start":{"line":4,"column":15},"end":{"line":20,"column":1}},"2":{"start":{"line":6,"column":4},"end":{"line":6,"column":9}},"3":{"start":{"line":7,"column":2},"end":{"line":19,"column":4}},"4":{"start":{"line":12,"column":23},"end":{"line":12,"column":45}},"5":{"start":{"line":22,"column":0},"end":{"line":22,"column":22}}},"fnMap":{"0":{"name":"(anonymous_1)","decl":{"start":{"line":4,"column":15},"end":{"line":4,"column":16}},"loc":{"start":{"line":4,"column":47},"end":{"line":20,"column":1}}},"1":{"name":"(anonymous_2)","decl":{"start":{"line":12,"column":17},"end":{"line":12,"column":20}},"loc":{"start":{"line":12,"column":23},"end":{"line":12,"column":45}}}},"branchMap":{"0":{"loc":{"start":{"line":11,"column":30},"end":{"line":11,"column":65}},"type":"cond-expr","locations":[{"start":{"line":11,"column":30},"end":{"line":11,"column":65}},{"start":{"line":11,"column":68},"end":{"line":11,"column":77}}]}},"s":{"0":1,"1":1,"2":4,"3":4,"4":1,"5":1},"f":{"0":4,"1":1},"b":{"0":[1,3]}}
,"C:\\Users\\Natalia\\Documents\\react_2021Q3\\src\\components\\header\\header.tsx": {"path":"C:\\Users\\Natalia\\Documents\\react_2021Q3\\src\\components\\header\\header.tsx","statementMap":{"0":{"start":{"line":1,"column":0},"end":{"line":1,"column":26}},"1":{"start":{"line":2,"column":0},"end":{"line":2,"column":43}},"2":{"start":{"line":3,"column":0},"end":{"line":3,"column":22}},"3":{"start":{"line":5,"column":15},"end":{"line":13,"column":null}},"4":{"start":{"line":6,"column":2},"end":{"line":12,"column":null}},"5":{"start":{"line":16,"column":0},"end":{"line":16,"column":22}}},"fnMap":{"0":{"name":"(anonymous_1)","decl":{"start":{"line":5,"column":15},"end":{"line":5,"column":31}},"loc":{"start":{"line":6,"column":2},"end":{"line":12,"column":null}}}},"branchMap":{},"s":{"0":3,"1":3,"2":3,"3":3,"4":8,"5":3},"f":{"0":8},"b":{}}
,"C:\\Users\\Natalia\\Documents\\react_2021Q3\\src\\components\\pages\\aboutPage.tsx": {"path":"C:\\Users\\Natalia\\Documents\\react_2021Q3\\src\\components\\pages\\aboutPage.tsx","statementMap":{"0":{"start":{"line":1,"column":0},"end":{"line":1,"column":49}},"1":{"start":{"line":2,"column":0},"end":{"line":2,"column":25}},"2":{"start":{"line":4,"column":18},"end":{"line":18,"column":1}},"3":{"start":{"line":5,"column":19},"end":{"line":5,"column":31}},"4":{"start":{"line":7,"column":2},"end":{"line":11,"column":9}},"5":{"start":{"line":8,"column":4},"end":{"line":10,"column":12}},"6":{"start":{"line":9,"column":6},"end":{"line":9,"column":52}},"7":{"start":{"line":13,"column":2},"end":{"line":17,"column":4}},"8":{"start":{"line":20,"column":0},"end":{"line":20,"column":25}}},"fnMap":{"0":{"name":"(anonymous_6)","decl":{"start":{"line":4,"column":18},"end":{"line":4,"column":34}},"loc":{"start":{"line":4,"column":36},"end":{"line":18,"column":1}}},"1":{"name":"(anonymous_7)","decl":{"start":{"line":7,"column":12},"end":{"line":7,"column":15}},"loc":{"start":{"line":7,"column":17},"end":{"line":11,"column":3}}},"2":{"name":"(anonymous_8)","decl":{"start":{"line":8,"column":15},"end":{"line":8,"column":18}},"loc":{"start":{"line":8,"column":20},"end":{"line":10,"column":5}}}},"branchMap":{},"s":{"0":2,"1":2,"2":2,"3":1,"4":1,"5":1,"6":1,"7":1,"8":2},"f":{"0":1,"1":1,"2":1},"b":{}}
,"C:\\Users\\Natalia\\Documents\\react_2021Q3\\src\\components\\pages\\detailPage.tsx": {"path":"C:\\Users\\Natalia\\Documents\\react_2021Q3\\src\\components\\pages\\detailPage.tsx","statementMap":{"0":{"start":{"line":1,"column":0},"end":{"line":1,"column":59}},"1":{"start":{"line":2,"column":0},"end":{"line":2,"column":45}},"2":{"start":{"line":4,"column":0},"end":{"line":4,"column":41}},"3":{"start":{"line":5,"column":0},"end":{"line":5,"column":26}},"4":{"start":{"line":19,"column":19},"end":{"line":58,"column":1}},"5":{"start":{"line":20,"column":38},"end":{"line":20,"column":62}},"6":{"start":{"line":31,"column":6},"end":{"line":31,"column":36}},"7":{"start":{"line":33,"column":26},"end":{"line":45,"column":4}},"8":{"start":{"line":47,"column":2},"end":{"line":51,"column":9}},"9":{"start":{"line":48,"column":4},"end":{"line":50,"column":12}},"10":{"start":{"line":49,"column":6},"end":{"line":49,"column":48}},"11":{"start":{"line":53,"column":2},"end":{"line":57,"column":4}},"12":{"start":{"line":60,"column":0},"end":{"line":60,"column":26}}},"fnMap":{"0":{"name":"(anonymous_7)","decl":{"start":{"line":19,"column":19},"end":{"line":19,"column":35}},"loc":{"start":{"line":19,"column":37},"end":{"line":58,"column":1}}},"1":{"name":"(anonymous_8)","decl":{"start":{"line":47,"column":12},"end":{"line":47,"column":15}},"loc":{"start":{"line":47,"column":17},"end":{"line":51,"column":3}}},"2":{"name":"(anonymous_9)","decl":{"start":{"line":48,"column":15},"end":{"line":48,"column":18}},"loc":{"start":{"line":48,"column":20},"end":{"line":50,"column":5}}}},"branchMap":{},"s":{"0":3,"1":3,"2":3,"3":3,"4":3,"5":5,"6":4,"7":4,"8":4,"9":2,"10":2,"11":4,"12":3},"f":{"0":5,"1":2,"2":2},"b":{}}
,"C:\\Users\\Natalia\\Documents\\react_2021Q3\\src\\components\\pages\\page404.tsx": {"path":"C:\\Users\\Natalia\\Documents\\react_2021Q3\\src\\components\\pages\\page404.tsx","statementMap":{"0":{"start":{"line":1,"column":0},"end":{"line":1,"column":26}},"1":{"start":{"line":2,"column":0},"end":{"line":2,"column":40}},"2":{"start":{"line":3,"column":0},"end":{"line":3,"column":23}},"3":{"start":{"line":5,"column":16},"end":{"line":11,"column":null}},"4":{"start":{"line":6,"column":2},"end":{"line":10,"column":null}},"5":{"start":{"line":14,"column":0},"end":{"line":14,"column":23}}},"fnMap":{"0":{"name":"(anonymous_1)","decl":{"start":{"line":5,"column":16},"end":{"line":5,"column":32}},"loc":{"start":{"line":6,"column":2},"end":{"line":10,"column":null}}}},"branchMap":{},"s":{"0":2,"1":2,"2":2,"3":2,"4":1,"5":2},"f":{"0":1},"b":{}}
,"C:\\Users\\Natalia\\Documents\\react_2021Q3\\src\\components\\pagesBlock\\pages-input.tsx": {"path":"C:\\Users\\Natalia\\Documents\\react_2021Q3\\src\\components\\pagesBlock\\pages-input.tsx","statementMap":{"0":{"start":{"line":1,"column":0},"end":{"line":1,"column":26}},"1":{"start":{"line":4,"column":19},"end":{"line":26,"column":1}},"2":{"start":{"line":5,"column":43},"end":{"line":5,"column":48}},"3":{"start":{"line":6,"column":2},"end":{"line":25,"column":4}},"4":{"start":{"line":20,"column":10},"end":{"line":20,"column":59}},"5":{"start":{"line":28,"column":0},"end":{"line":28,"column":26}}},"fnMap":{"0":{"name":"(anonymous_1)","decl":{"start":{"line":4,"column":19},"end":{"line":4,"column":20}},"loc":{"start":{"line":4,"column":54},"end":{"line":26,"column":1}}},"1":{"name":"(anonymous_2)","decl":{"start":{"line":19,"column":17},"end":{"line":19,"column":18}},"loc":{"start":{"line":20,"column":10},"end":{"line":20,"column":59}}}},"branchMap":{},"s":{"0":1,"1":1,"2":3,"3":3,"4":1,"5":1},"f":{"0":3,"1":1},"b":{}}
,"C:\\Users\\Natalia\\Documents\\react_2021Q3\\src\\components\\search\\search.tsx": {"path":"C:\\Users\\Natalia\\Documents\\react_2021Q3\\src\\components\\search\\search.tsx","statementMap":{"0":{"start":{"line":1,"column":0},"end":{"line":1,"column":26}},"1":{"start":{"line":2,"column":0},"end":{"line":2,"column":48}},"2":{"start":{"line":4,"column":0},"end":{"line":4,"column":22}},"3":{"start":{"line":6,"column":15},"end":{"line":28,"column":1}},"4":{"start":{"line":7,"column":30},"end":{"line":7,"column":35}},"5":{"start":{"line":9,"column":2},"end":{"line":27,"column":4}},"6":{"start":{"line":21,"column":10},"end":{"line":21,"column":41}},"7":{"start":{"line":30,"column":0},"end":{"line":30,"column":22}}},"fnMap":{"0":{"name":"(anonymous_1)","decl":{"start":{"line":6,"column":15},"end":{"line":6,"column":16}},"loc":{"start":{"line":6,"column":47},"end":{"line":28,"column":1}}},"1":{"name":"(anonymous_2)","decl":{"start":{"line":20,"column":17},"end":{"line":20,"column":18}},"loc":{"start":{"line":21,"column":10},"end":{"line":21,"column":41}}}},"branchMap":{},"s":{"0":1,"1":1,"2":1,"3":1,"4":3,"5":3,"6":1,"7":1},"f":{"0":3,"1":1},"b":{}}
,"C:\\Users\\Natalia\\Documents\\react_2021Q3\\src\\components\\sorting\\radio-block.tsx": {"path":"C:\\Users\\Natalia\\Documents\\react_2021Q3\\src\\components\\sorting\\radio-block.tsx","statementMap":{"0":{"start":{"line":1,"column":0},"end":{"line":1,"column":26}},"1":{"start":{"line":4,"column":19},"end":{"line":22,"column":1}},"2":{"start":{"line":5,"column":54},"end":{"line":5,"column":59}},"3":{"start":{"line":7,"column":2},"end":{"line":21,"column":4}},"4":{"start":{"line":14,"column":24},"end":{"line":14,"column":41}},"5":{"start":{"line":24,"column":0},"end":{"line":24,"column":26}}},"fnMap":{"0":{"name":"(anonymous_1)","decl":{"start":{"line":4,"column":19},"end":{"line":4,"column":20}},"loc":{"start":{"line":4,"column":55},"end":{"line":22,"column":1}}},"1":{"name":"(anonymous_2)","decl":{"start":{"line":14,"column":18},"end":{"line":14,"column":21}},"loc":{"start":{"line":14,"column":24},"end":{"line":14,"column":41}}}},"branchMap":{},"s":{"0":2,"1":2,"2":4,"3":4,"4":1,"5":2},"f":{"0":4,"1":1},"b":{}}
,"C:\\Users\\Natalia\\Documents\\react_2021Q3\\src\\components\\sorting\\sorting.tsx": {"path":"C:\\Users\\Natalia\\Documents\\react_2021Q3\\src\\components\\sorting\\sorting.tsx","statementMap":{"0":{"start":{"line":1,"column":0},"end":{"line":1,"column":26}},"1":{"start":{"line":3,"column":0},"end":{"line":3,"column":39}},"2":{"start":{"line":5,"column":21},"end":{"line":22,"column":1}},"3":{"start":{"line":6,"column":42},"end":{"line":6,"column":47}},"4":{"start":{"line":7,"column":2},"end":{"line":21,"column":4}},"5":{"start":{"line":12,"column":10},"end":{"line":16,"column":null}},"6":{"start":{"line":24,"column":0},"end":{"line":24,"column":28}}},"fnMap":{"0":{"name":"(anonymous_1)","decl":{"start":{"line":5,"column":21},"end":{"line":5,"column":22}},"loc":{"start":{"line":5,"column":59},"end":{"line":22,"column":1}}},"1":{"name":"(anonymous_2)","decl":{"start":{"line":11,"column":27},"end":{"line":11,"column":28}},"loc":{"start":{"line":12,"column":10},"end":{"line":16,"column":null}}}},"branchMap":{},"s":{"0":1,"1":1,"2":1,"3":1,"4":1,"5":1,"6":1},"f":{"0":1,"1":1},"b":{}}
,"C:\\Users\\Natalia\\Documents\\react_2021Q3\\src\\components\\store\\appState.ts": {"path":"C:\\Users\\Natalia\\Documents\\react_2021Q3\\src\\components\\store\\appState.ts","statementMap":{"0":{"start":{"line":1,"column":0},"end":{"line":1,"column":40}},"1":{"start":{"line":2,"column":0},"end":{"line":2,"column":56}},"2":{"start":{"line":3,"column":0},"end":{"line":3,"column":52}},"3":{"start":{"line":4,"column":0},"end":{"line":4,"column":56}},"4":{"start":{"line":6,"column":13},"end":{"line":10,"column":3}}},"fnMap":{},"branchMap":{},"s":{"0":1,"1":1,"2":1,"3":1,"4":1},"f":{},"b":{}}
,"C:\\Users\\Natalia\\Documents\\react_2021Q3\\src\\components\\store\\configureStore.ts": {"path":"C:\\Users\\Natalia\\Documents\\react_2021Q3\\src\\components\\store\\configureStore.ts","statementMap":{"0":{"start":{"line":1,"column":0},"end":{"line":1,"column":50}},"1":{"start":{"line":3,"column":0},"end":{"line":3,"column":41}},"2":{"start":{"line":5,"column":14},"end":{"line":8,"column":4}},"3":{"start":{"line":6,"column":2},"end":{"line":8,"column":4}},"4":{"start":{"line":13,"column":0},"end":{"line":13,"column":21}}},"fnMap":{"0":{"name":"(anonymous_0)","decl":{"start":{"line":5,"column":14},"end":{"line":5,"column":24}},"loc":{"start":{"line":6,"column":2},"end":{"line":8,"column":4}}}},"branchMap":{},"s":{"0":1,"1":1,"2":1,"3":1,"4":1},"f":{"0":1},"b":{}}
,"C:\\Users\\Natalia\\Documents\\react_2021Q3\\src\\components\\store\\store-utils.ts": {"path":"C:\\Users\\Natalia\\Documents\\react_2021Q3\\src\\components\\store\\store-utils.ts","statementMap":{"0":{"start":{"line":40,"column":13},"end":{"line":45,"column":2}},"1":{"start":{"line":47,"column":13},"end":{"line":55,"column":2}},"2":{"start":{"line":60,"column":13},"end":{"line":62,"column":2}},"3":{"start":{"line":67,"column":13},"end":{"line":69,"column":2}}},"fnMap":{},"branchMap":{},"s":{"0":4,"1":4,"2":4,"3":4},"f":{},"b":{}}
,"C:\\Users\\Natalia\\Documents\\react_2021Q3\\src\\components\\store\\slices\\apiData-slice.ts": {"path":"C:\\Users\\Natalia\\Documents\\react_2021Q3\\src\\components\\store\\slices\\apiData-slice.ts","statementMap":{"0":{"start":{"line":1,"column":0},"end":{"line":1,"column":62}},"1":{"start":{"line":2,"column":0},"end":{"line":2,"column":68}},"2":{"start":{"line":5,"column":21},"end":{"line":17,"column":2}},"3":{"start":{"line":10,"column":6},"end":{"line":10,"column":47}},"4":{"start":{"line":11,"column":6},"end":{"line":11,"column":41}},"5":{"start":{"line":14,"column":6},"end":{"line":14,"column":74}},"6":{"start":{"line":19,"column":13},"end":{"line":19,"column":51}},"7":{"start":{"line":20,"column":13},"end":{"line":20,"column":51}}},"fnMap":{"0":{"name":"(anonymous_0)","decl":{"start":{"line":9,"column":4},"end":{"line":9,"column":14}},"loc":{"start":{"line":9,"column":61},"end":{"line":12,"column":5}}},"1":{"name":"(anonymous_1)","decl":{"start":{"line":13,"column":4},"end":{"line":13,"column":14}},"loc":{"start":{"line":13,"column":51},"end":{"line":15,"column":5}}}},"branchMap":{},"s":{"0":2,"1":2,"2":2,"3":1,"4":1,"5":1,"6":2,"7":2},"f":{"0":1,"1":1},"b":{}}
,"C:\\Users\\Natalia\\Documents\\react_2021Q3\\src\\components\\store\\slices\\error-slice.ts": {"path":"C:\\Users\\Natalia\\Documents\\react_2021Q3\\src\\components\\store\\slices\\error-slice.ts","statementMap":{"0":{"start":{"line":1,"column":0},"end":{"line":1,"column":62}},"1":{"start":{"line":2,"column":0},"end":{"line":2,"column":55}},"2":{"start":{"line":5,"column":19},"end":{"line":13,"column":2}},"3":{"start":{"line":10,"column":6},"end":{"line":10,"column":37}},"4":{"start":{"line":15,"column":13},"end":{"line":15,"column":47}},"5":{"start":{"line":16,"column":13},"end":{"line":16,"column":47}}},"fnMap":{"0":{"name":"(anonymous_0)","decl":{"start":{"line":9,"column":4},"end":{"line":9,"column":11}},"loc":{"start":{"line":9,"column":49},"end":{"line":11,"column":5}}}},"branchMap":{},"s":{"0":2,"1":2,"2":2,"3":1,"4":2,"5":2},"f":{"0":1},"b":{}}
,"C:\\Users\\Natalia\\Documents\\react_2021Q3\\src\\components\\store\\slices\\loading-slice.ts": {"path":"C:\\Users\\Natalia\\Documents\\react_2021Q3\\src\\components\\store\\slices\\loading-slice.ts","statementMap":{"0":{"start":{"line":1,"column":0},"end":{"line":1,"column":62}},"1":{"start":{"line":2,"column":0},"end":{"line":2,"column":57}},"2":{"start":{"line":5,"column":21},"end":{"line":13,"column":2}},"3":{"start":{"line":10,"column":6},"end":{"line":10,"column":39}},"4":{"start":{"line":15,"column":13},"end":{"line":15,"column":51}},"5":{"start":{"line":16,"column":13},"end":{"line":16,"column":51}}},"fnMap":{"0":{"name":"(anonymous_0)","decl":{"start":{"line":9,"column":4},"end":{"line":9,"column":13}},"loc":{"start":{"line":9,"column":51},"end":{"line":11,"column":5}}}},"branchMap":{},"s":{"0":2,"1":2,"2":2,"3":1,"4":2,"5":2},"f":{"0":1},"b":{}}
}
