TN:
SF:src\__test__\fileMock.js
FNF:0
FNH:0
DA:1,5
LF:1
LH:1
BRF:0
BRH:0
end_of_record
TN:
SF:src\__test__\styleMock.js
FNF:0
FNH:0
DA:1,8
LF:1
LH:1
BRF:0
BRH:0
end_of_record
TN:
SF:src\__test__\testHelpers.tsx
FN:25,(anonymous_1)
FNF:1
FNH:1
FNDA:12,(anonymous_1)
DA:1,15
DA:2,15
DA:3,15
DA:4,15
DA:6,15
DA:25,15
DA:26,12
DA:27,12
DA:28,3
DA:30,12
LF:10
LH:10
BRDA:27,0,0,3
BRDA:27,0,1,9
BRF:2
BRH:2
end_of_record
TN:
SF:src\components\upperElement.tsx
FN:12,(anonymous_1)
FNF:1
FNH:1
FNDA:5,(anonymous_1)
DA:1,2
DA:2,2
DA:3,2
DA:4,2
DA:5,2
DA:6,2
DA:7,2
DA:12,2
DA:16,5
DA:37,2
LF:10
LH:10
BRF:0
BRH:0
end_of_record
TN:
SF:src\components\article\article.tsx
FN:7,(anonymous_7)
FN:18,(anonymous_8)
FN:32,(anonymous_9)
FN:42,(anonymous_10)
FN:70,(anonymous_11)
FNF:5
FNH:4
FNDA:1,(anonymous_7)
FNDA:7,(anonymous_8)
FNDA:4,(anonymous_9)
FNDA:0,(anonymous_10)
FNDA:1,(anonymous_11)
DA:1,4
DA:2,4
DA:4,4
DA:5,4
DA:7,4
DA:8,1
DA:9,1
DA:10,1
DA:11,1
DA:12,1
DA:13,1
DA:14,1
DA:15,1
DA:18,4
DA:19,7
DA:29,7
DA:30,7
DA:32,7
DA:33,4
DA:34,1
DA:39,7
DA:42,0
DA:46,7
DA:47,7
DA:57,7
DA:70,1
DA:82,4
LF:27
LH:26
BRDA:33,0,0,1
BRDA:33,0,1,3
BRDA:62,1,0,7
BRDA:62,1,1,6
BRDA:63,2,0,7
BRDA:63,2,1,1
BRDA:67,3,0,7
BRDA:67,3,1,7
BRF:8
BRH:8
end_of_record
TN:
SF:src\components\button\button.tsx
FN:4,(anonymous_1)
FN:12,(anonymous_2)
FNF:2
FNH:2
FNDA:4,(anonymous_1)
FNDA:1,(anonymous_2)
DA:1,1
DA:4,1
DA:6,4
DA:7,4
DA:12,1
DA:22,1
LF:6
LH:6
BRDA:11,0,0,1
BRDA:11,0,1,3
BRF:2
BRH:2
end_of_record
TN:
SF:src\components\header\header.tsx
FN:5,(anonymous_1)
FNF:1
FNH:1
FNDA:8,(anonymous_1)
DA:1,3
DA:2,3
DA:3,3
DA:5,3
DA:6,8
DA:16,3
LF:6
LH:6
BRF:0
BRH:0
end_of_record
TN:
SF:src\components\pages\aboutPage.tsx
FN:4,(anonymous_6)
FN:7,(anonymous_7)
FN:8,(anonymous_8)
FNF:3
FNH:3
FNDA:1,(anonymous_6)
FNDA:1,(anonymous_7)
FNDA:1,(anonymous_8)
DA:1,2
DA:2,2
DA:4,2
DA:5,1
DA:7,1
DA:8,1
DA:9,1
DA:13,1
DA:20,2
LF:9
LH:9
BRF:0
BRH:0
end_of_record
TN:
SF:src\components\pages\detailPage.tsx
FN:19,(anonymous_7)
FN:47,(anonymous_8)
FN:48,(anonymous_9)
FNF:3
FNH:3
FNDA:5,(anonymous_7)
FNDA:2,(anonymous_8)
FNDA:2,(anonymous_9)
DA:1,3
DA:2,3
DA:4,3
DA:5,3
DA:19,3
DA:20,5
DA:31,4
DA:33,4
DA:47,4
DA:48,2
DA:49,2
DA:53,4
DA:60,3
LF:13
LH:13
BRF:0
BRH:0
end_of_record
TN:
SF:src\components\pages\page404.tsx
FN:5,(anonymous_1)
FNF:1
FNH:1
FNDA:1,(anonymous_1)
DA:1,2
DA:2,2
DA:3,2
DA:5,2
DA:6,1
DA:14,2
LF:6
LH:6
BRF:0
BRH:0
end_of_record
TN:
SF:src\components\pagesBlock\pages-input.tsx
FN:4,(anonymous_1)
FN:19,(anonymous_2)
FNF:2
FNH:2
FNDA:3,(anonymous_1)
FNDA:1,(anonymous_2)
DA:1,1
DA:4,1
DA:5,3
DA:6,3
DA:20,1
DA:28,1
LF:6
LH:6
BRF:0
BRH:0
end_of_record
TN:
SF:src\components\search\search.tsx
FN:6,(anonymous_1)
FN:20,(anonymous_2)
FNF:2
FNH:2
FNDA:3,(anonymous_1)
FNDA:1,(anonymous_2)
DA:1,1
DA:2,1
DA:4,1
DA:6,1
DA:7,3
DA:9,3
DA:21,1
DA:30,1
LF:8
LH:8
BRF:0
BRH:0
end_of_record
TN:
SF:src\components\sorting\radio-block.tsx
FN:4,(anonymous_1)
FN:14,(anonymous_2)
FNF:2
FNH:2
FNDA:4,(anonymous_1)
FNDA:1,(anonymous_2)
DA:1,2
DA:4,2
DA:5,4
DA:7,4
DA:14,1
DA:24,2
LF:6
LH:6
BRF:0
BRH:0
end_of_record
TN:
SF:src\components\sorting\sorting.tsx
FN:5,(anonymous_1)
FN:11,(anonymous_2)
FNF:2
FNH:2
FNDA:1,(anonymous_1)
FNDA:1,(anonymous_2)
DA:1,1
DA:3,1
DA:5,1
DA:6,1
DA:7,1
DA:12,1
DA:24,1
LF:7
LH:7
BRF:0
BRH:0
end_of_record
TN:
SF:src\components\store\appState.ts
FNF:0
FNH:0
DA:1,1
DA:2,1
DA:3,1
DA:4,1
DA:6,1
LF:5
LH:5
BRF:0
BRH:0
end_of_record
TN:
SF:src\components\store\configureStore.ts
FN:5,(anonymous_0)
FNF:1
FNH:1
FNDA:1,(anonymous_0)
DA:1,1
DA:3,1
DA:5,1
DA:6,1
DA:13,1
LF:5
LH:5
BRF:0
BRH:0
end_of_record
TN:
SF:src\components\store\store-utils.ts
FNF:0
FNH:0
DA:40,4
DA:47,4
DA:60,4
DA:67,4
LF:4
LH:4
BRF:0
BRH:0
end_of_record
TN:
SF:src\components\store\slices\apiData-slice.ts
FN:9,(anonymous_0)
FN:13,(anonymous_1)
FNF:2
FNH:2
FNDA:1,(anonymous_0)
FNDA:1,(anonymous_1)
DA:1,2
DA:2,2
DA:5,2
DA:10,1
DA:11,1
DA:14,1
DA:19,2
DA:20,2
LF:8
LH:8
BRF:0
BRH:0
end_of_record
TN:
SF:src\components\store\slices\error-slice.ts
FN:9,(anonymous_0)
FNF:1
FNH:1
FNDA:1,(anonymous_0)
DA:1,2
DA:2,2
DA:5,2
DA:10,1
DA:15,2
DA:16,2
LF:6
LH:6
BRF:0
BRH:0
end_of_record
TN:
SF:src\components\store\slices\loading-slice.ts
FN:9,(anonymous_0)
FNF:1
FNH:1
FNDA:1,(anonymous_0)
DA:1,2
DA:2,2
DA:5,2
DA:10,1
DA:15,2
DA:16,2
LF:6
LH:6
BRF:0
BRH:0
end_of_record
