TN:
SF:src\__test__\fileMock.js
FNF:0
FNH:0
DA:1,4
LF:1
LH:1
BRF:0
BRH:0
end_of_record
TN:
SF:src\__test__\styleMock.js
FNF:0
FNH:0
DA:1,5
LF:1
LH:1
BRF:0
BRH:0
end_of_record
TN:
SF:src\__test__\testHelpers.tsx
FN:25,(anonymous_1)
FNF:1
FNH:1
FNDA:7,(anonymous_1)
DA:1,5
DA:2,5
DA:3,5
DA:4,5
DA:6,5
DA:25,5
DA:26,7
DA:27,7
DA:28,2
DA:30,7
LF:10
LH:10
BRDA:27,0,0,2
BRDA:27,0,1,5
BRF:2
BRH:2
end_of_record
TN:
SF:src\components\upperElement.tsx
FN:12,(anonymous_1)
FNF:1
FNH:1
FNDA:4,(anonymous_1)
DA:1,2
DA:2,2
DA:3,2
DA:4,2
DA:5,2
DA:6,2
DA:7,2
DA:12,2
DA:16,4
DA:37,2
LF:10
LH:10
BRF:0
BRH:0
end_of_record
TN:
SF:src\components\article\article.tsx
FN:7,(anonymous_7)
FN:18,(anonymous_8)
FN:32,(anonymous_9)
FN:42,(anonymous_10)
FN:70,(anonymous_11)
FNF:5
FNH:4
FNDA:1,(anonymous_7)
FNDA:2,(anonymous_8)
FNDA:2,(anonymous_9)
FNDA:0,(anonymous_10)
FNDA:1,(anonymous_11)
DA:1,4
DA:2,4
DA:4,4
DA:5,4
DA:7,4
DA:8,1
DA:9,1
DA:10,1
DA:11,1
DA:12,1
DA:13,1
DA:14,1
DA:15,1
DA:18,4
DA:19,2
DA:29,2
DA:30,2
DA:32,2
DA:33,2
DA:34,0
DA:39,2
DA:42,0
DA:46,2
DA:47,2
DA:57,2
DA:70,1
DA:82,4
LF:27
LH:25
BRDA:33,0,0,0
BRDA:33,0,1,2
BRDA:62,1,0,2
BRDA:62,1,1,2
BRDA:63,2,0,2
BRDA:63,2,1,0
BRDA:67,3,0,2
BRDA:67,3,1,2
BRF:8
BRH:6
end_of_record
TN:
SF:src\components\header\header.tsx
FN:5,(anonymous_1)
FNF:1
FNH:1
FNDA:7,(anonymous_1)
DA:1,3
DA:2,3
DA:3,3
DA:5,3
DA:6,7
DA:16,3
LF:6
LH:6
BRF:0
BRH:0
end_of_record
TN:
SF:src\components\pages\aboutPage.tsx
FN:4,(anonymous_6)
FN:7,(anonymous_7)
FN:8,(anonymous_8)
FNF:3
FNH:0
FNDA:0,(anonymous_6)
FNDA:0,(anonymous_7)
FNDA:0,(anonymous_8)
DA:1,1
DA:2,1
DA:4,1
DA:5,0
DA:7,0
DA:8,0
DA:9,0
DA:13,0
DA:20,1
LF:9
LH:4
BRF:0
BRH:0
end_of_record
TN:
SF:src\components\pages\detailPage.tsx
FN:19,(anonymous_7)
FN:56,(anonymous_8)
FN:57,(anonymous_9)
FNF:3
FNH:2
FNDA:1,(anonymous_7)
FNDA:1,(anonymous_8)
FNDA:0,(anonymous_9)
DA:1,3
DA:2,3
DA:4,3
DA:5,3
DA:19,3
DA:30,1
DA:32,1
DA:46,1
DA:48,1
DA:56,1
DA:57,1
DA:58,0
DA:59,0
DA:64,1
DA:71,3
LF:15
LH:13
BRDA:49,0,0,0
BRDA:49,0,1,1
BRDA:58,1,0,0
BRDA:58,1,1,0
BRF:4
BRH:1
end_of_record
TN:
SF:src\components\pages\page404.tsx
FN:5,(anonymous_1)
FNF:1
FNH:0
FNDA:0,(anonymous_1)
DA:1,2
DA:2,2
DA:3,2
DA:5,2
DA:6,0
DA:14,2
LF:6
LH:5
BRF:0
BRH:0
end_of_record
TN:
SF:src\components\store\appState.ts
FNF:0
FNH:0
DA:1,1
DA:2,1
DA:3,1
DA:4,1
DA:6,1
LF:5
LH:5
BRF:0
BRH:0
end_of_record
TN:
SF:src\components\store\configureStore.ts
FN:5,(anonymous_0)
FNF:1
FNH:1
FNDA:1,(anonymous_0)
DA:1,1
DA:3,1
DA:5,1
DA:6,1
DA:13,1
LF:5
LH:5
BRF:0
BRH:0
end_of_record
TN:
SF:src\components\store\store-utils.ts
FNF:0
FNH:0
DA:40,1
DA:47,1
DA:60,1
DA:67,1
LF:4
LH:4
BRF:0
BRH:0
end_of_record
TN:
SF:src\components\store\slices\apiData-slice.ts
FN:9,(anonymous_0)
FN:13,(anonymous_1)
FNF:2
FNH:0
FNDA:0,(anonymous_0)
FNDA:0,(anonymous_1)
DA:1,1
DA:2,1
DA:5,1
DA:10,0
DA:11,0
DA:14,0
DA:19,1
DA:20,1
LF:8
LH:5
BRF:0
BRH:0
end_of_record
TN:
SF:src\components\store\slices\error-slice.ts
FN:9,(anonymous_0)
FNF:1
FNH:0
FNDA:0,(anonymous_0)
DA:1,1
DA:2,1
DA:5,1
DA:10,0
DA:15,1
DA:16,1
LF:6
LH:5
BRF:0
BRH:0
end_of_record
TN:
SF:src\components\store\slices\loading-slice.ts
FN:9,(anonymous_0)
FNF:1
FNH:0
FNDA:0,(anonymous_0)
DA:1,1
DA:2,1
DA:5,1
DA:10,0
DA:15,1
DA:16,1
LF:6
LH:5
BRF:0
BRH:0
end_of_record
